2019-07-03T14:47:51.406-0700	zzzzzz Attempting initial sync from: world:28107
2019-07-03T14:47:51.411-0700	***** No namespaces filter
2019-07-03T14:47:51.412-0700	***** No namespaces filter
2019-07-03T14:47:51.413-0700	Found overlapping collections, but will continue
2019-07-03T14:47:51.422-0700	Creating collection testA.colA
2019-07-03T14:47:51.422-0700	Creating collection foo.bar
2019-07-03T14:47:51.434-0700	create on database: `foo`, finished in 11.320833ms with error: a collection 'foo.bar' already exists
2019-07-03T14:47:51.434-0700	Error on destination: &mgo.QueryError{Code:48, Message:"a collection 'foo.bar' already exists", Assertion:false}
2019-07-03T14:47:51.434-0700	Copying documents to collection foo.bar
2019-07-03T14:47:51.737-0700	Copying documents to collection testA.colA
2019-07-03T14:47:51.814-0700	Copied 1 documents to testA.colA
2019-07-03T14:47:51.814-0700	Copied 1000 documents to foo.bar
2019-07-03T14:47:51.816-0700	createIndexes for collection: `testA.colA`, finished in 289.918µs
2019-07-03T14:47:51.816-0700	createIndexes for collection: `foo.bar`, finished in 333.691µs
2019-07-03T14:47:51.816-0700	Index builds completed.
2019-07-03T14:47:51.816-0700	Initial sync from world:28107 completed at oplog timestamp: 6709556063944835074
2019-07-03T14:47:51.819-0700	Current lag from source: 0s
2019-07-03T14:47:51.819-0700	Tailing the oplog
2019-07-03T14:48:01.823-0700	Waiting for new oplog entries to apply.
2019-07-03T14:48:11.821-0700	Waiting for new oplog entries to apply.
2019-07-03T14:48:21.823-0700	Waiting for new oplog entries to apply.
2019-07-03T14:48:31.824-0700	Waiting for new oplog entries to apply.
2019-07-03T14:48:41.821-0700	Waiting for new oplog entries to apply.
2019-07-03T14:48:51.824-0700	Waiting for new oplog entries to apply.
2019-07-03T14:49:01.820-0700	Waiting for new oplog entries to apply.
2019-07-03T14:49:11.819-0700	Waiting for new oplog entries to apply.
2019-07-03T14:49:21.824-0700	Waiting for new oplog entries to apply.
2019-07-03T14:49:31.822-0700	Waiting for new oplog entries to apply.
2019-07-03T14:49:41.820-0700	Waiting for new oplog entries to apply.
2019-07-03T14:49:51.823-0700	Waiting for new oplog entries to apply.
2019-07-03T14:50:01.823-0700	Waiting for new oplog entries to apply.
2019-07-03T14:50:11.822-0700	Waiting for new oplog entries to apply.
2019-07-03T14:50:21.824-0700	Waiting for new oplog entries to apply.
2019-07-03T14:50:31.820-0700	Waiting for new oplog entries to apply.
2019-07-03T14:50:41.824-0700	Waiting for new oplog entries to apply.
2019-07-03T14:50:51.823-0700	Waiting for new oplog entries to apply.
2019-07-03T14:51:01.819-0700	Waiting for new oplog entries to apply.
2019-07-03T14:51:11.822-0700	Waiting for new oplog entries to apply.
2019-07-03T14:51:21.824-0700	Waiting for new oplog entries to apply.
2019-07-03T14:51:31.823-0700	Waiting for new oplog entries to apply.
2019-07-03T14:51:41.821-0700	Waiting for new oplog entries to apply.
2019-07-03T14:51:51.823-0700	Waiting for new oplog entries to apply.
2019-07-03T14:52:01.823-0700	Waiting for new oplog entries to apply.
2019-07-03T14:52:11.822-0700	Waiting for new oplog entries to apply.
2019-07-03T14:52:21.823-0700	Waiting for new oplog entries to apply.
2019-07-03T14:52:32.722-0700	Current lag from source: 0s
2019-07-03T14:52:42.760-0700	Current lag from source: 0s
2019-07-03T14:52:52.796-0700	Current lag from source: 0s
2019-07-03T14:53:01.828-0700	Current lag from source: 0s
2019-07-03T14:53:11.865-0700	Current lag from source: 0s
2019-07-03T14:53:21.892-0700	Current lag from source: 0s
2019-07-03T14:53:31.934-0700	Current lag from source: 0s
2019-07-03T14:53:41.970-0700	Current lag from source: 0s
2019-07-03T14:53:52.010-0700	Current lag from source: 0s
2019-07-03T14:54:02.045-0700	Current lag from source: 0s
2019-07-03T14:54:12.075-0700	Current lag from source: 0s
2019-07-03T14:54:22.104-0700	Current lag from source: 0s
2019-07-03T14:54:32.140-0700	Current lag from source: 0s
2019-07-03T14:54:42.170-0700	Current lag from source: 0s
2019-07-03T14:54:52.189-0700	Current lag from source: 0s
2019-07-03T14:55:02.219-0700	Current lag from source: 0s
2019-07-03T14:55:12.257-0700	Current lag from source: 0s
2019-07-03T14:55:22.291-0700	Current lag from source: 0s
2019-07-03T14:55:32.325-0700	Current lag from source: 0s
