2019-07-03T14:47:51.402-0700	zzzzzz Attempting initial sync from: world:28117
2019-07-03T14:47:51.406-0700	***** No namespaces filter
2019-07-03T14:47:51.407-0700	***** No namespaces filter
2019-07-03T14:47:51.408-0700	Found overlapping collections, but will continue
2019-07-03T14:47:51.413-0700	Creating collection foo2.blah
2019-07-03T14:47:51.413-0700	Creating collection testB.colB
2019-07-03T14:47:51.421-0700	create on database: `foo2`, finished in 7.731184ms with error: a collection 'foo2.blah' already exists
2019-07-03T14:47:51.421-0700	Error on destination: &mgo.QueryError{Code:48, Message:"a collection 'foo2.blah' already exists", Assertion:false}
2019-07-03T14:47:51.421-0700	Copying documents to collection foo2.blah
2019-07-03T14:47:51.631-0700	Copied 1000 documents to foo2.blah
2019-07-03T14:47:51.777-0700	Copying documents to collection testB.colB
2019-07-03T14:47:51.813-0700	Copied 1 documents to testB.colB
2019-07-03T14:47:51.816-0700	createIndexes for collection: `testB.colB`, finished in 383.678µs
2019-07-03T14:47:51.816-0700	createIndexes for collection: `foo2.blah`, finished in 478.714µs
2019-07-03T14:47:51.816-0700	Index builds completed.
2019-07-03T14:47:51.816-0700	Initial sync from world:28117 completed at oplog timestamp: 6709556063944835074
2019-07-03T14:47:51.819-0700	Current lag from source: 0s
2019-07-03T14:47:51.819-0700	Tailing the oplog
2019-07-03T14:48:01.823-0700	Waiting for new oplog entries to apply.
2019-07-03T14:48:11.821-0700	Waiting for new oplog entries to apply.
2019-07-03T14:48:21.823-0700	Waiting for new oplog entries to apply.
2019-07-03T14:48:31.824-0700	Waiting for new oplog entries to apply.
2019-07-03T14:48:41.821-0700	Waiting for new oplog entries to apply.
2019-07-03T14:48:51.824-0700	Waiting for new oplog entries to apply.
2019-07-03T14:49:01.820-0700	Waiting for new oplog entries to apply.
2019-07-03T14:49:11.819-0700	Waiting for new oplog entries to apply.
2019-07-03T14:49:21.824-0700	Waiting for new oplog entries to apply.
2019-07-03T14:49:31.822-0700	Waiting for new oplog entries to apply.
2019-07-03T14:49:41.820-0700	Waiting for new oplog entries to apply.
2019-07-03T14:49:51.823-0700	Waiting for new oplog entries to apply.
2019-07-03T14:50:01.821-0700	Waiting for new oplog entries to apply.
2019-07-03T14:50:11.822-0700	Waiting for new oplog entries to apply.
2019-07-03T14:50:21.824-0700	Waiting for new oplog entries to apply.
2019-07-03T14:50:31.820-0700	Waiting for new oplog entries to apply.
2019-07-03T14:50:41.824-0700	Waiting for new oplog entries to apply.
2019-07-03T14:50:51.823-0700	Waiting for new oplog entries to apply.
2019-07-03T14:51:01.819-0700	Waiting for new oplog entries to apply.
2019-07-03T14:51:11.822-0700	Waiting for new oplog entries to apply.
2019-07-03T14:51:21.824-0700	Waiting for new oplog entries to apply.
2019-07-03T14:51:31.823-0700	Waiting for new oplog entries to apply.
2019-07-03T14:51:41.821-0700	Waiting for new oplog entries to apply.
2019-07-03T14:51:51.823-0700	Waiting for new oplog entries to apply.
2019-07-03T14:52:01.823-0700	Waiting for new oplog entries to apply.
2019-07-03T14:52:11.822-0700	Waiting for new oplog entries to apply.
2019-07-03T14:52:21.823-0700	Waiting for new oplog entries to apply.
2019-07-03T14:52:31.822-0700	Waiting for new oplog entries to apply.
2019-07-03T14:52:41.823-0700	Waiting for new oplog entries to apply.
2019-07-03T14:52:51.824-0700	Waiting for new oplog entries to apply.
2019-07-03T14:53:01.824-0700	Waiting for new oplog entries to apply.
2019-07-03T14:53:11.822-0700	Waiting for new oplog entries to apply.
2019-07-03T14:53:21.823-0700	Waiting for new oplog entries to apply.
2019-07-03T14:53:31.823-0700	Waiting for new oplog entries to apply.
2019-07-03T14:53:41.822-0700	Waiting for new oplog entries to apply.
2019-07-03T14:53:51.824-0700	Waiting for new oplog entries to apply.
2019-07-03T14:54:01.819-0700	Waiting for new oplog entries to apply.
2019-07-03T14:54:11.822-0700	Waiting for new oplog entries to apply.
2019-07-03T14:54:21.824-0700	Waiting for new oplog entries to apply.
2019-07-03T14:54:32.402-0700	Current lag from source: 0s
2019-07-03T14:54:42.435-0700	Current lag from source: 0s
2019-07-03T14:54:52.472-0700	Current lag from source: 0s
2019-07-03T14:55:02.499-0700	Current lag from source: 0s
2019-07-03T14:55:12.532-0700	Current lag from source: 0s
2019-07-03T14:55:22.561-0700	Current lag from source: 0s
2019-07-03T14:55:32.597-0700	Current lag from source: 0s
